<?xml version="1.0" encoding="UTF-8"?>
<!-- Generated by org.testng.reporters.JUnitReportReporter -->
<testsuite hostname="DESKTOP-JSOO272" failures="0" tests="1" name="com.niaz.selenium.iframe.Iframe" time="19.294" errors="0" timestamp="2021-02-22T20:28:59 BDT" skipped="0">
  <testcase classname="com.niaz.selenium.iframe.Iframe" name="iframe" time="19.294"/>
  <system-out/>
</testsuite> <!-- com.niaz.selenium.iframe.Iframe -->
